-------------------------------------------------------------------------------
Test set: com.ers.repository.TestRepositoryPostgres
-------------------------------------------------------------------------------
Tests run: 3, Failures: 1, Errors: 0, Skipped: 0, Time elapsed: 4.272 s <<< FAILURE! - in com.ers.repository.TestRepositoryPostgres
testGetView(com.ers.repository.TestRepositoryPostgres)  Time elapsed: 0.74 s  <<< FAILURE!
org.junit.ComparisonFailure: expected:<...managerId=0, amount=[]50.0, reason='Just w...> but was:<...managerId=0, amount=[600.0, reason='My manager bashed my laptop with his steel baseball bat during code review.            ', status='pending', timeCreated=2021-10-03 00:31:25.231365}, ReimbursementRequests{employeeId=0, managerId=0, amount=]50.0, reason='Just w...>
	at com.ers.repository.TestRepositoryPostgres.testGetView(TestRepositoryPostgres.java:25)

